{"task_id": "Python/0", "passed": true, "exit_code": 0, "stderr": "", "stdout": "", "runtime_sec": 12.595308780670166, "completion": "from typing import List\n\ndef has_close_elements(numbers: List[float], threshold: float) -> bool:\n    \"\"\" Check if in given list of numbers, are any two numbers closer to each other than\n    given threshold.\n    >>> has_close_elements([1.0, 2.0, 3.0], 0.5)\n    False\n    >>> has_close_elements([1.0, 2.8, 3.0, 4.0, 5.0, 2.0], 0.3)\n    True\n    \"\"\"\n    for i in range(len(numbers)):\n        for j in range(i + 1, len(numbers)):\n            if abs(numbers[i] - numbers[j]) < threshold:\n                return True\n    return False\n"}
{"task_id": "Python/1", "passed": false, "exit_code": 1, "stderr": "Traceback (most recent call last):\n  File \"/tmp/sandbox_qvlj5x3x/runner.py\", line 31, in <module>\n    cand = importlib.import_module(\"candidate\")\n  File \"/home/opc/.local/share/uv/python/cpython-3.13.9-linux-aarch64-gnu/lib/python3.13/importlib/__init__.py\", line 88, in import_module\n  File \"<frozen importlib._bootstrap>\", line 1387, in _gcd_import\n  File \"<frozen importlib._bootstrap>\", line 1360, in _find_and_load\n  File \"<frozen importlib._bootstrap>\", line 1331, in _find_and_load_unlocked\n  File \"<frozen importlib._bootstrap>\", line 935, in _load_unlocked\n  File \"<frozen importlib._bootstrap_external>\", line 1027, in exec_module\n  File \"<frozen importlib._bootstrap>\", line 488, in _call_with_frames_removed\n  File \"/tmp/sandbox_qvlj5x3x/candidate.py\", line 16, in <module>\n    assert separate_paren_groups('(()()) ((())) () ((())()())') == [\n           ^^^^^^^^^^^^^^^^^^^^^^^^^^^^^^^^^^^^^^^^^^^^^^^^^^^^^^^^^\n        '(()())', '((()))', '()', '((())()())'\n        ^^^^^^^^^^^^^^^^^^^^^^^^^^^^^^^^^^^^^^\n    ]\n    ^\nAssertionError\n", "stdout": "", "runtime_sec": 43.673527002334595, "completion": "from typing import List\n\ndef separate_paren_groups(paren_string: str) -> List[str]:\n    result = []\n    balance = 0\n    for char in paren_string:\n        if char == '(':\n            balance += 1\n        elif char == ')':\n            balance -= 1\n        if balance == 0:\n            result.append(char)\n    return result\n\n# Test case\nassert separate_paren_groups('(()()) ((())) () ((())()())') == [\n    '(()())', '((()))', '()', '((())()())'\n]\n"}
{"task_id": "Python/2", "passed": true, "exit_code": 0, "stderr": "", "stdout": "", "runtime_sec": 6.996416091918945, "completion": "def truncate_number(number: float) -> float:\n    \"\"\" Given a positive floating point number, it can be decomposed into\n    and integer part (largest integer smaller than given number) and decimals\n    (leftover part always smaller than 1).\n\n    Return the decimal part of the number.\n    >>> truncate_number(3.5)\n    0.5\n    \"\"\"\n    return number - int(number)\n"}
{"task_id": "Python/3", "passed": false, "exit_code": 1, "stderr": "Traceback (most recent call last):\n  File \"/tmp/sandbox_pgmj7ix_/runner.py\", line 31, in <module>\n    cand = importlib.import_module(\"candidate\")\n  File \"/home/opc/.local/share/uv/python/cpython-3.13.9-linux-aarch64-gnu/lib/python3.13/importlib/__init__.py\", line 88, in import_module\n  File \"<frozen importlib._bootstrap>\", line 1387, in _gcd_import\n  File \"<frozen importlib._bootstrap>\", line 1360, in _find_and_load\n  File \"<frozen importlib._bootstrap>\", line 1331, in _find_and_load_unlocked\n  File \"<frozen importlib._bootstrap>\", line 935, in _load_unlocked\n  File \"<frozen importlib._bootstrap_external>\", line 1027, in exec_module\n  File \"<frozen importlib._bootstrap>\", line 488, in _call_with_frames_removed\n  File \"/tmp/sandbox_pgmj7ix_/candidate.py\", line 1, in <module>\n    def below_zero(operations: List[int]) -> bool:\n                               ^^^^\nNameError: name 'List' is not defined. Did you mean: 'list'?\n", "stdout": "", "runtime_sec": 25.111079931259155, "completion": "def below_zero(operations: List[int]) -> bool:\n    balance = 0\n    for op in operations:\n        balance += op\n        if balance < 0:\n            return True\n    return False\n\n"}
{"task_id": "Python/4", "passed": false, "exit_code": 1, "stderr": "Traceback (most recent call last):\n  File \"/tmp/sandbox_mo70a67_/runner.py\", line 31, in <module>\n    cand = importlib.import_module(\"candidate\")\n  File \"/home/opc/.local/share/uv/python/cpython-3.13.9-linux-aarch64-gnu/lib/python3.13/importlib/__init__.py\", line 88, in import_module\n  File \"<frozen importlib._bootstrap>\", line 1387, in _gcd_import\n  File \"<frozen importlib._bootstrap>\", line 1360, in _find_and_load\n  File \"<frozen importlib._bootstrap>\", line 1331, in _find_and_load_unlocked\n  File \"<frozen importlib._bootstrap>\", line 935, in _load_unlocked\n  File \"<frozen importlib._bootstrap_external>\", line 1027, in exec_module\n  File \"<frozen importlib._bootstrap>\", line 488, in _call_with_frames_removed\n  File \"/tmp/sandbox_mo70a67_/candidate.py\", line 25, in <module>\n    assert abs(mean_absolute_deviation(numbers) - 2.0/3.0) < 1e-6\n           ^^^^^^^^^^^^^^^^^^^^^^^^^^^^^^^^^^^^^^^^^^^^^^^^^^^^^^\nAssertionError\n", "stdout": "", "runtime_sec": 76.33277606964111, "completion": "from typing import List\n\ndef mean_absolute_deviation(numbers: List[float]) -> float:\n    \"\"\" For a given list of input numbers, calculate Mean Absolute Deviation\n    around the mean of this dataset.\n    Mean Absolute Deviation is the average absolute difference between each\n    element and a centerpoint (mean in this case):\n    MAD = average | x - x_mean |\n    >>> mean_absolute_deviation([1.0, 2.0, 3.0, 4.0])\n    1.0\n    \"\"\"\n    if not numbers:\n        return 0.0\n    \n    mean = sum(numbers) / len(numbers)\n    \n    deviation_sum = 0.0\n    for number in numbers:\n        deviation_sum += abs(number - mean)\n    \n    return round(deviation_sum / len(numbers), 5)\n\n# Test case to check the correctness of the function\nnumbers = [1.0, 2.0, 3.0, 4.0]\nassert abs(mean_absolute_deviation(numbers) - 2.0/3.0) < 1e-6\n\n"}
{"task_id": "Python/5", "passed": false, "exit_code": 1, "stderr": "Traceback (most recent call last):\n  File \"/tmp/sandbox_agk7e6oe/runner.py\", line 41, in <module>\n    runpy.run_module(\"tests\", init_globals=init_globals, run_name=\"__main__\")\n    ~~~~~~~~~~~~~~~~^^^^^^^^^^^^^^^^^^^^^^^^^^^^^^^^^^^^^^^^^^^^^^^^^^^^^^^^^\n  File \"<frozen runpy>\", line 229, in run_module\n  File \"<frozen runpy>\", line 88, in _run_code\n  File \"/tmp/sandbox_agk7e6oe/tests.py\", line 11, in <module>\n    check(intersperse)\n    ~~~~~^^^^^^^^^^^^^\n  File \"/tmp/sandbox_agk7e6oe/tests.py\", line 8, in check\n    assert intersperse([5, 6, 3, 2], 8) == [5, 8, 6, 8, 3, 8, 2]\n           ^^^^^^^^^^^^^^^^^^^^^^^^^^^^^^^^^^^^^^^^^^^^^^^^^^^^^\nAssertionError\n", "stdout": "False\n", "runtime_sec": 53.87057185173035, "completion": "from typing import List\n\ndef intersperse(numbers: List[int], delimeter: int) -> List[int]:\n    \"\"\" Insert a number 'delimeter' between every two consecutive elements of input list `numbers`\n    >>> intersperse([], 4)\n    []\n    >>> intersperse([1, 2, 3], 4)\n    [1, 4, 2, 4, 3]\n    \"\"\"\n    return numbers + [delimeter] * (len(numbers) - 1)\n\n# Test cases to verify the solution\ncheck = lambda x: intersperse(x, 4) == [4, 1, 4, 2, 4, 3]\n\nprint(check([5, 6, 3, 2]))  # Expected output: True\n"}
{"task_id": "Python/6", "passed": false, "exit_code": 1, "stderr": "Traceback (most recent call last):\n  File \"/tmp/sandbox_43htyld4/runner.py\", line 31, in <module>\n    cand = importlib.import_module(\"candidate\")\n  File \"/home/opc/.local/share/uv/python/cpython-3.13.9-linux-aarch64-gnu/lib/python3.13/importlib/__init__.py\", line 88, in import_module\n  File \"<frozen importlib._bootstrap>\", line 1387, in _gcd_import\n  File \"<frozen importlib._bootstrap>\", line 1360, in _find_and_load\n  File \"<frozen importlib._bootstrap>\", line 1331, in _find_and_load_unlocked\n  File \"<frozen importlib._bootstrap>\", line 935, in _load_unlocked\n  File \"<frozen importlib._bootstrap_external>\", line 1027, in exec_module\n  File \"<frozen importlib._bootstrap>\", line 488, in _call_with_frames_removed\n  File \"/tmp/sandbox_43htyld4/candidate.py\", line 34, in <module>\n    check(parse_nested_parens)\n    ^^^^^\nNameError: name 'check' is not defined\n", "stdout": "", "runtime_sec": 87.51079750061035, "completion": "from typing import List\n\ndef parse_nested_parens(paren_string: str) -> List[int]:\n    \"\"\" Input to this function is a string represented multiple groups for nested parentheses separated by spaces.\n    For each of the group, output the deepest level of nesting of parentheses.\n    E.g. (()()) has maximum two levels of nesting while ((())) has three.\n\n    >>> parse_nested_parens('(()()) ((())) () ((())()())')\n    [2, 3, 1, 3]\n    \"\"\"\n    result = []\n    depth = 0\n    current_level = 0\n    for char in paren_string:\n        if char == '(':\n            current_level += 1\n            depth = max(depth, current_level)\n        elif char == ')':\n            current_level -= 1\n        else:\n            # If we encounter an opening parenthesis, increment depth\n            if char == '(':\n                depth += 1\n            # If we encounter a closing parenthesis, decrement depth\n            elif char == ')':\n                depth -= 1\n            # If we encounter a non-closing parenthesis, break out of loop\n            elif char != '(': \n                break\n        result.append(depth)\n    return result\n\n# Test case\ncheck(parse_nested_parens)\n\n"}
{"task_id": "Python/7", "passed": true, "exit_code": 0, "stderr": "", "stdout": "", "runtime_sec": 8.14202356338501, "completion": "from typing import List\n\ndef filter_by_substring(strings: List[str], substring: str) -> List[str]:\n    \"\"\" Filter an input list of strings only for ones that contain given substring\n    >>> filter_by_substring([], 'a')\n    []\n    >>> filter_by_substring(['abc', 'bacd', 'cde', 'array'], 'a')\n    ['abc', 'bacd', 'array']\n    \"\"\"\n    return [s for s in strings if substring in s]\n"}
{"task_id": "Python/8", "passed": true, "exit_code": 0, "stderr": "", "stdout": "", "runtime_sec": 5.778181314468384, "completion": "from typing import List, Tuple\n\ndef sum_product(numbers: List[int]) -> Tuple[int, int]:\n    if not numbers:\n        return (0, 1)\n\n    total_sum = sum(numbers)\n    product = 1\n    for number in numbers:\n        product *= number\n    return (total_sum, product)\n"}
{"task_id": "Python/9", "passed": true, "exit_code": 0, "stderr": "", "stdout": "", "runtime_sec": 5.659616231918335, "completion": "from typing import List, Tuple\n\ndef rolling_max(numbers: List[int]) -> List[int]:\n    max_values = []\n    current_max = float('-inf')\n    \n    for number in numbers:\n        if number > current_max:\n            current_max = number\n        max_values.append(current_max)\n    \n    return max_values\n"}
{"task_id": "Python/10", "passed": false, "exit_code": 1, "stderr": "Traceback (most recent call last):\n  File \"/tmp/sandbox_vdxvf5zu/runner.py\", line 41, in <module>\n    runpy.run_module(\"tests\", init_globals=init_globals, run_name=\"__main__\")\n    ~~~~~~~~~~~~~~~~^^^^^^^^^^^^^^^^^^^^^^^^^^^^^^^^^^^^^^^^^^^^^^^^^^^^^^^^^\n  File \"<frozen runpy>\", line 229, in run_module\n  File \"<frozen runpy>\", line 88, in _run_code\n  File \"/tmp/sandbox_vdxvf5zu/tests.py\", line 13, in <module>\n    check(make_palindrome)\n    ~~~~~^^^^^^^^^^^^^^^^^\n  File \"/tmp/sandbox_vdxvf5zu/tests.py\", line 8, in check\n    assert make_palindrome('x') == 'x'\n           ^^^^^^^^^^^^^^^^^^^^^^^^^^^\nAssertionError\n", "stdout": "", "runtime_sec": 88.0580382347107, "completion": "def make_palindrome(string: str) -> str:\n    \"\"\" Find the shortest palindrome that begins with a supplied string.\n    Algorithm idea is simple:\n    - Find the longest postfix of supplied string that is a palindrome.\n    - Append to the end of the string reverse of a string prefix that comes before the palindromic suffix.\n    >>> make_palindrome('')\n    ''\n    >>> make_palindrome('cat')\n    'catac'\n    >>> make_palindrome('cata')\n    'catac'\n    \"\"\"\n    # Reverse the string to find the longest postfix that is a palindrome\n    reversed_string = string[::-1]\n    \n    # Initialize variables for finding the palindrome prefix\n    start_index = 0\n    while start_index < len(reversed_string) // 2:\n        if reversed_string[start_index] != reversed_string[-start_index]:\n            break\n        start_index += 1\n    \n    # If no valid prefix found, return an empty string\n    if start_index >= len(reversed_string):\n        return \"\"\n    \n    # Construct the palindrome by appending the reversed prefix\n    palindrome = reversed_string[:start_index] + reversed_string[start_index:-len(reversed_string) // 2][::-1]\n    \n    return palindrome\n"}
{"task_id": "Python/11", "passed": true, "exit_code": 0, "stderr": "", "stdout": "", "runtime_sec": 4.420456171035767, "completion": "def string_xor(a: str, b: str) -> str:\n    xor_result = ''.join(str(int(c1) ^ int(c2)) for c1, c2 in zip(a, b))\n    return xor_result\n"}
{"task_id": "Python/12", "passed": true, "exit_code": 0, "stderr": "", "stdout": "", "runtime_sec": 5.991799354553223, "completion": "from typing import List, Optional\n\ndef longest(strings: List[str]) -> Optional[str]:\n    if not strings:\n        return None\n    \n    max_length = 0\n    result = \"\"\n    \n    for string in strings:\n        if len(string) > max_length:\n            max_length = len(string)\n            result = string\n            \n    return result\n"}
{"task_id": "Python/13", "passed": true, "exit_code": 0, "stderr": "", "stdout": "", "runtime_sec": 3.759861946105957, "completion": "def greatest_common_divisor(a: int, b: int) -> int:\n    while b != 0:\n        a, b = b, a % b\n    return abs(a)\n"}
{"task_id": "Python/14", "passed": true, "exit_code": 0, "stderr": "", "stdout": "", "runtime_sec": 7.203711271286011, "completion": "from typing import List\n\ndef all_prefixes(string: str) -> List[str]:\n    \"\"\" Return list of all prefixes from shortest to longest of the input string\n    >>> all_prefixes('abc')\n    ['a', 'ab', 'abc']\n    \"\"\"\n    result = []\n    for i in range(len(string)):\n        prefix = string[:i+1]\n        result.append(prefix)\n    return result\n"}
{"task_id": "Python/15", "passed": false, "exit_code": 1, "stderr": "Traceback (most recent call last):\n  File \"/tmp/sandbox_5y19meel/runner.py\", line 31, in <module>\n    cand = importlib.import_module(\"candidate\")\n  File \"/home/opc/.local/share/uv/python/cpython-3.13.9-linux-aarch64-gnu/lib/python3.13/importlib/__init__.py\", line 88, in import_module\n  File \"<frozen importlib._bootstrap>\", line 1387, in _gcd_import\n  File \"<frozen importlib._bootstrap>\", line 1360, in _find_and_load\n  File \"<frozen importlib._bootstrap>\", line 1331, in _find_and_load_unlocked\n  File \"<frozen importlib._bootstrap>\", line 935, in _load_unlocked\n  File \"<frozen importlib._bootstrap_external>\", line 1023, in exec_module\n  File \"<frozen importlib._bootstrap_external>\", line 1161, in get_code\n  File \"<frozen importlib._bootstrap_external>\", line 1091, in source_to_code\n  File \"<frozen importlib._bootstrap>\", line 488, in _call_with_frames_removed\n  File \"/tmp/sandbox_5y19meel/candidate.py\", line 11\n    check = lambda x: assert string_sequence(x) == f'0 {x} 1 {x} 2 {x} 3 {x}'\n                      ^^^^^^\nSyntaxError: invalid syntax\n", "stdout": "", "runtime_sec": 39.09580421447754, "completion": "import sys\nsys.path.append(\"/tmp/sandbox_5y19meel\")\n\nfrom candidate import string_sequence\n\ndef check(x):\n    if not isinstance(x, str):\n        raise ValueError(f\"Expected a string, got {type(x)} instead.\")\n    return string_sequence(int(x))\n\n# Corrected test case\ncheck(\"0\") # Should pass\ncheck(\"5\") # Should pass\n"}
{"task_id": "Python/16", "passed": true, "exit_code": 0, "stderr": "", "stdout": "", "runtime_sec": 6.312122821807861, "completion": "from collections import Counter\n\ndef count_distinct_characters(string: str) -> int:\n    \"\"\" Given a string, find out how many distinct characters (regardless of case) does it consist of\n    >>> count_distinct_characters('xyzXYZ')\n    3\n    >>> count_distinct_characters('Jerry')\n    4\n    \"\"\"\n    return len(Counter(string.lower()))\n"}
{"task_id": "Python/17", "passed": false, "exit_code": 1, "stderr": "Traceback (most recent call last):\n  File \"/tmp/sandbox_ogxgmyjn/runner.py\", line 31, in <module>\n    cand = importlib.import_module(\"candidate\")\n  File \"/home/opc/.local/share/uv/python/cpython-3.13.9-linux-aarch64-gnu/lib/python3.13/importlib/__init__.py\", line 88, in import_module\n  File \"<frozen importlib._bootstrap>\", line 1387, in _gcd_import\n  File \"<frozen importlib._bootstrap>\", line 1360, in _find_and_load\n  File \"<frozen importlib._bootstrap>\", line 1331, in _find_and_load_unlocked\n  File \"<frozen importlib._bootstrap>\", line 935, in _load_unlocked\n  File \"<frozen importlib._bootstrap_external>\", line 1027, in exec_module\n  File \"<frozen importlib._bootstrap>\", line 488, in _call_with_frames_removed\n  File \"/tmp/sandbox_ogxgmyjn/candidate.py\", line 38, in <module>\n    check(parse_music('o o o o'))\n    ^^^^^\nNameError: name 'check' is not defined\n", "stdout": "", "runtime_sec": 93.73059940338135, "completion": "from typing import List\n\ndef parse_music(music_string: str) -> List[int]:\n    \"\"\" Input to this function is a string representing musical notes in a special ASCII format.\n    Your task is to parse this string and return list of integers corresponding to how many beats does each\n    not last.\n\n    Here is a legend:\n    'o' - whole note, lasts four beats\n    'o|' - half note, lasts two beats\n    '.|' - quater note, lasts one beat\n\n    >>> parse_music('o o o o')\n    [4, 4, 4, 4]\n    \"\"\"\n    result = []\n    i = 0\n    while i < len(music_string):\n        if music_string[i] == '.':\n            # Check for end of note\n            if i + 3 >= len(music_string):\n                break\n            elif music_string[i+1] == '|':\n                # Half note\n                result.append(2)\n                i += 3\n            else:\n                # Whole note\n                result.append(4)\n                i += 3\n        else:\n            # Quarter note\n            result.append(1)\n            i += 1\n    return result\n\n# Test case\ncheck(parse_music('o o o o'))\n\n"}
{"task_id": "Python/18", "passed": true, "exit_code": 0, "stderr": "", "stdout": "", "runtime_sec": 6.119391918182373, "completion": "def how_many_times(string: str, substring: str) -> int:\n    count = 0\n    start_index = 0\n\n    while True:\n        index = string.find(substring, start_index)\n        if index == -1:\n            break\n        count += 1\n        start_index = index + 1\n\n    return count\n"}
{"task_id": "Python/19", "passed": false, "exit_code": 1, "stderr": "Traceback (most recent call last):\n  File \"/tmp/sandbox_33km_yvw/runner.py\", line 41, in <module>\n    runpy.run_module(\"tests\", init_globals=init_globals, run_name=\"__main__\")\n    ~~~~~~~~~~~~~~~~^^^^^^^^^^^^^^^^^^^^^^^^^^^^^^^^^^^^^^^^^^^^^^^^^^^^^^^^^\n  File \"<frozen runpy>\", line 229, in run_module\n  File \"<frozen runpy>\", line 88, in _run_code\n  File \"/tmp/sandbox_33km_yvw/tests.py\", line 13, in <module>\n    check(sort_numbers)\n    ~~~~~^^^^^^^^^^^^^^\n  File \"/tmp/sandbox_33km_yvw/tests.py\", line 8, in check\n    assert sort_numbers('three') == 'three'\n           ~~~~~~~~~~~~^^^^^^^^^\n  File \"/tmp/sandbox_33km_yvw/candidate.py\", line 11, in sort_numbers\n    num_list = [int(num) for num in numbers.split()]\n                ~~~^^^^^\nValueError: invalid literal for int() with base 10: 'three'\n", "stdout": "", "runtime_sec": 59.831209897994995, "completion": "from typing import List\n\ndef sort_numbers(numbers: str) -> str:\n    \"\"\" Input is a space-delimited string of numberals from 'zero' to 'nine'.\n    Valid choices are 'zero', 'one', 'two', 'three', 'four', 'five', 'six', 'seven', 'eight' and 'nine'.\n    Return the string with numbers sorted from smallest to largest\n    >>> sort_numbers('three one five')\n    'one three five'\n    \"\"\"\n    # Convert the input string into a list of integers\n    num_list = [int(num) for num in numbers.split()]\n    \n    # Sort the list of numbers\n    num_list.sort()\n    \n    # Join the sorted list back into a string\n    return ''.join(str(num) for num in num_list)\n\n\n# Test case\ncheck(sort_numbers('three one five'))\n"}
{"task_id": "Python/20", "passed": false, "exit_code": 1, "stderr": "Traceback (most recent call last):\n  File \"/tmp/sandbox_wfbov40f/runner.py\", line 31, in <module>\n    cand = importlib.import_module(\"candidate\")\n  File \"/home/opc/.local/share/uv/python/cpython-3.13.9-linux-aarch64-gnu/lib/python3.13/importlib/__init__.py\", line 88, in import_module\n  File \"<frozen importlib._bootstrap>\", line 1387, in _gcd_import\n  File \"<frozen importlib._bootstrap>\", line 1360, in _find_and_load\n  File \"<frozen importlib._bootstrap>\", line 1331, in _find_and_load_unlocked\n  File \"<frozen importlib._bootstrap>\", line 935, in _load_unlocked\n  File \"<frozen importlib._bootstrap_external>\", line 1027, in exec_module\n  File \"<frozen importlib._bootstrap>\", line 488, in _call_with_frames_removed\n  File \"/tmp/sandbox_wfbov40f/candidate.py\", line 21, in <module>\n    assert find_closest_elements([1.0, 2.0, 5.9, 4.0, 5.0]) == (5.0, 5.9)\n           ^^^^^^^^^^^^^^^^^^^^^^^^^^^^^^^^^^^^^^^^^^^^^^^^^^^^^^^^^^^^^^\nAssertionError\n", "stdout": "", "runtime_sec": 69.96699929237366, "completion": "from typing import List, Tuple\n\ndef find_closest_elements(numbers: List[float]) -> Tuple[float, float]:\n    if len(numbers) < 2:\n        raise ValueError(\"List must contain at least two elements.\")\n\n    smallest_diff = float('inf')\n    closest_pair = None\n\n    for i in range(len(numbers)):\n        for j in range(i + 1, len(numbers)):\n            diff = abs(numbers[i] - numbers[j])\n\n            if diff < smallest_diff:\n                smallest_diff = diff\n                closest_pair = (numbers[i], numbers[j])\n\n    return closest_pair\n\n# Test cases\nassert find_closest_elements([1.0, 2.0, 5.9, 4.0, 5.0]) == (5.0, 5.9)\nassert find_closest_elements([1.0, 2.0, 3.0, 4.0, 5.0, 2.0]) == (2.0, 2.0)\n"}
{"task_id": "Python/21", "passed": false, "exit_code": 1, "stderr": "Traceback (most recent call last):\n  File \"/tmp/sandbox__8q7m_5r/runner.py\", line 41, in <module>\n    runpy.run_module(\"tests\", init_globals=init_globals, run_name=\"__main__\")\n    ~~~~~~~~~~~~~~~~^^^^^^^^^^^^^^^^^^^^^^^^^^^^^^^^^^^^^^^^^^^^^^^^^^^^^^^^^\n  File \"<frozen runpy>\", line 229, in run_module\n  File \"<frozen runpy>\", line 88, in _run_code\n  File \"/tmp/sandbox__8q7m_5r/tests.py\", line 13, in <module>\n    check(rescale_to_unit)\n    ~~~~~^^^^^^^^^^^^^^^^^\n  File \"/tmp/sandbox__8q7m_5r/tests.py\", line 7, in check\n    assert rescale_to_unit([2.0, 49.9]) == [0.0, 1.0]\n           ^^^^^^^^^^^^^^^^^^^^^^^^^^^^^^^^^^^^^^^^^^\nAssertionError\n", "stdout": "", "runtime_sec": 64.70700097084045, "completion": "from typing import List\n\ndef rescale_to_unit(numbers: List[float]) -> List[float]:\n    \"\"\" Given list of numbers (of at least two elements), apply a linear transform to that list,\n    such that the smallest number will become 0 and the largest will become 1\n    >>> rescale_to_unit([1.0, 2.0, 3.0, 4.0, 5.0])\n    [0.0, 0.25, 0.5, 0.75, 1.0]\n    \"\"\"\n    min_num = min(numbers)\n    max_num = max(numbers)\n    return [num / (max_num - min_num) for num in numbers]\n\n# Corrected test case\ncheck = lambda x: rescale_to_unit(x) == [0.0, 0.25, 0.5, 0.75, 1.0]\n\n\n"}
{"task_id": "Python/22", "passed": true, "exit_code": 0, "stderr": "", "stdout": "", "runtime_sec": 8.07821774482727, "completion": "from typing import List, Any\n\ndef filter_integers(values: List[Any]) -> List[int]:\n    \"\"\" Filter given list of any python values only for integers\n    >>> filter_integers(['a', 3.14, 5])\n    [5]\n    >>> filter_integers([1, 2, 3, 'abc', {}, []])\n    [1, 2, 3]\n    \"\"\"\n    return [int(value) for value in values if isinstance(value, int)]\n"}
{"task_id": "Python/23", "passed": true, "exit_code": 0, "stderr": "", "stdout": "", "runtime_sec": 2.117671251296997, "completion": "def strlen(string: str) -> int:\n    return len(string)\n"}
{"task_id": "Python/24", "passed": false, "exit_code": 1, "stderr": "Traceback (most recent call last):\n  File \"/tmp/sandbox__t9_dlfl/runner.py\", line 41, in <module>\n    runpy.run_module(\"tests\", init_globals=init_globals, run_name=\"__main__\")\n    ~~~~~~~~~~~~~~~~^^^^^^^^^^^^^^^^^^^^^^^^^^^^^^^^^^^^^^^^^^^^^^^^^^^^^^^^^\n  File \"<frozen runpy>\", line 229, in run_module\n  File \"<frozen runpy>\", line 88, in _run_code\n  File \"/tmp/sandbox__t9_dlfl/tests.py\", line 13, in <module>\n    check(largest_divisor)\n    ~~~~~^^^^^^^^^^^^^^^^^\n  File \"/tmp/sandbox__t9_dlfl/tests.py\", line 7, in check\n    assert largest_divisor(3) == 1\n           ^^^^^^^^^^^^^^^^^^^^^^^\nAssertionError\n", "stdout": "", "runtime_sec": 33.81749486923218, "completion": "def largest_divisor(n: int) -> int:\n    \"\"\" For a given number n, find the largest number that divides n evenly, smaller than n.\n    \n    >>> largest_divisor(15)\n    5\n    \"\"\"\n    for i in range(2, n):\n        if n % i == 0:\n            return i\n    return n  # This should never be reached due to the nature of the problem.\n\n# Test cases\nassert largest_divisor(15) == 5\nassert largest_divisor(28) == 14\nassert largest_divisor(100) == 50\n"}
{"task_id": "Python/25", "passed": true, "exit_code": 0, "stderr": "", "stdout": "", "runtime_sec": 12.686735153198242, "completion": "from typing import *\nimport math\n\ndef factorize(n: int) -> List[int]:\n    factors = []\n    # Divide n by 2 until it's odd\n    while n % 2 == 0:\n        factors.append(2)\n        n //= 2\n    \n    # Now n must be odd, so we can skip one element (Note i = i +2)\n    for i in range(3, int(math.sqrt(n)) + 1, 2):\n        # While i divides n, append i and divide n\n        while n % i == 0:\n            factors.append(i)\n            n //= i\n    \n    # This condition is to handle the case when n is a prime number greater than 2\n    if n > 2:\n        factors.append(n)\n    \n    return factors\n"}
{"task_id": "Python/26", "passed": false, "exit_code": 1, "stderr": "Traceback (most recent call last):\n  File \"/tmp/sandbox_xins0nwm/runner.py\", line 31, in <module>\n    cand = importlib.import_module(\"candidate\")\n  File \"/home/opc/.local/share/uv/python/cpython-3.13.9-linux-aarch64-gnu/lib/python3.13/importlib/__init__.py\", line 88, in import_module\n  File \"<frozen importlib._bootstrap>\", line 1387, in _gcd_import\n  File \"<frozen importlib._bootstrap>\", line 1360, in _find_and_load\n  File \"<frozen importlib._bootstrap>\", line 1331, in _find_and_load_unlocked\n  File \"<frozen importlib._bootstrap>\", line 935, in _load_unlocked\n  File \"<frozen importlib._bootstrap_external>\", line 1027, in exec_module\n  File \"<frozen importlib._bootstrap>\", line 488, in _call_with_frames_removed\n  File \"/tmp/sandbox_xins0nwm/candidate.py\", line 4, in <module>\n    from candidate import remove_duplicates\nImportError: cannot import name 'remove_duplicates' from partially initialized module 'candidate' (most likely due to a circular import) (/tmp/sandbox_xins0nwm/candidate.py)\n", "stdout": "", "runtime_sec": 29.6397123336792, "completion": "import sys\nsys.path.insert(0, '/path/to/your/module')\n\nfrom candidate import remove_duplicates\n\ndef remove_duplicates(numbers: List[int]) -> List[int]:\n    seen = set()\n    result = []\n    for number in numbers:\n        if number not in seen:\n            seen.add(number)\n            result.append(number)\n    return result\n\n\n\n"}
{"task_id": "Python/27", "passed": true, "exit_code": 0, "stderr": "", "stdout": "", "runtime_sec": 5.356893539428711, "completion": "def flip_case(string: str) -> str:\n    \"\"\" For a given string, flip lowercase characters to uppercase and uppercase to lowercase.\n    >>> flip_case('Hello')\n    'hELLO'\n    \"\"\"\n    return ''.join([char.upper() if char.islower() else char.lower() for char in string])\n"}
{"task_id": "Python/28", "passed": false, "exit_code": 1, "stderr": "Traceback (most recent call last):\n  File \"/tmp/sandbox_xzivmqjl/runner.py\", line 31, in <module>\n    cand = importlib.import_module(\"candidate\")\n  File \"/home/opc/.local/share/uv/python/cpython-3.13.9-linux-aarch64-gnu/lib/python3.13/importlib/__init__.py\", line 88, in import_module\n  File \"<frozen importlib._bootstrap>\", line 1387, in _gcd_import\n  File \"<frozen importlib._bootstrap>\", line 1360, in _find_and_load\n  File \"<frozen importlib._bootstrap>\", line 1331, in _find_and_load_unlocked\n  File \"<frozen importlib._bootstrap>\", line 935, in _load_unlocked\n  File \"<frozen importlib._bootstrap_external>\", line 1027, in exec_module\n  File \"<frozen importlib._bootstrap>\", line 488, in _call_with_frames_removed\n  File \"/tmp/sandbox_xzivmqjl/candidate.py\", line 1, in <module>\n    def concatenate(strings: List[str]) -> str:\n                             ^^^^\nNameError: name 'List' is not defined. Did you mean: 'list'?\n", "stdout": "", "runtime_sec": 24.858599185943604, "completion": "def concatenate(strings: List[str]) -> str:\n    \"\"\" Concatenate list of strings into a single string\n\n    >>> concatenate([])\n    ''\n    >>> concatenate(['a', 'b', 'c'])\n    'abc'\n    \"\"\"\n    return ''.join(strings)\n"}
{"task_id": "Python/29", "passed": true, "exit_code": 0, "stderr": "", "stdout": "", "runtime_sec": 3.5748729705810547, "completion": "from typing import List\n\ndef filter_by_prefix(strings: List[str], prefix: str) -> List[str]:\n    return [s for s in strings if s.startswith(prefix)]\n"}
{"task_id": "Python/30", "passed": true, "exit_code": 0, "stderr": "", "stdout": "[2, 5, 6]\n[5, 3, 2, 3, 9, 123, 1]\n", "runtime_sec": 10.229500532150269, "completion": "def get_positive(l: list):\n    \"\"\"Return only positive numbers in the list.\"\"\"\n    return [num for num in l if num > 0]\n\n# Example usage:\nprint(get_positive([-1, 2, -4, 5, 6]))  # Output: [2, 5, 6]\nprint(get_positive([5, 3, -5, 2, -3, 3, 9, 0, 123, 1, -10]))  # Output: [5, 3, 2, 3, 9, 123, 1]\n"}
{"task_id": "Python/31", "passed": true, "exit_code": 0, "stderr": "", "stdout": "", "runtime_sec": 6.276673078536987, "completion": "def is_prime(n):\n    \"\"\"Return true if a given number is prime, and false otherwise.\"\"\"\n    if n <= 1:\n        return False\n    for i in range(2, int(n**0.5) + 1):\n        if n % i == 0:\n            return False\n    return True\n"}
{"task_id": "Python/32", "passed": false, "exit_code": -9, "stderr": "", "stdout": "", "runtime_sec": 178.98031330108643, "completion": "import math\n\ndef poly(xs: list, x: float):\n    \"\"\"\n    Evaluates polynomial with coefficients xs at point x.\n    return xs[0] + xs[1] * x + xs[1] * x^2 + .... xs[n] * x^n\n    \"\"\"\n    return sum([coeff * math.pow(x, i) for i, coeff in enumerate(xs)])\n\ndef find_zero(xs: list):\n    \"\"\" xs are coefficients of a polynomial.\n    find_zero find x such that poly(x) = 0.\n    find_zero returns only only zero point, even if there are many.\n    Moreover, find_zero only takes list xs having even number of coefficients\n    and largest non zero coefficient as it guarantees\n    a solution.\n    >>> round(find_zero([1, 2]), 2) # f(x) = 1 + 2x\n    -0.5\n    >>> round(find_zero([-6, 11, -6, 1]), 2) # (x - 1) * (x - 2) * (x - 3) = -6 + 11x - 6x^2 + x^3\n    1.0\n    \"\"\"\n    # Find the root using Newton's method or any other suitable method\n    # For simplicity, we'll use the fact that the roots of a polynomial can be found by evaluating the polynomial at points close to zero\n    # This approach assumes that the polynomial has real roots and is not too complex\n    # In practice, this would require more sophisticated methods like bisection or the Intermediate Value Theorem\n    # For demonstration purposes, let's assume the roots are approximately equal to each other\n    root = 0\n    tolerance = 1e-7\n    while abs(root - xs[0]) > tolerance:\n        root = (xs[0] + xs[1]) / 2\n    return root\n\n# Test cases\nprint(round(find_zero([1, 2]), 2))  # Expected output: -0.5\nprint(round(find_zero([-6, 11, -6, 1]), 2))  # Expected output: 1.0\n"}
{"task_id": "Python/33", "passed": false, "exit_code": 1, "stderr": "Traceback (most recent call last):\n  File \"/tmp/sandbox_qtzzv6u4/runner.py\", line 31, in <module>\n    cand = importlib.import_module(\"candidate\")\n  File \"/home/opc/.local/share/uv/python/cpython-3.13.9-linux-aarch64-gnu/lib/python3.13/importlib/__init__.py\", line 88, in import_module\n  File \"<frozen importlib._bootstrap>\", line 1387, in _gcd_import\n  File \"<frozen importlib._bootstrap>\", line 1360, in _find_and_load\n  File \"<frozen importlib._bootstrap>\", line 1331, in _find_and_load_unlocked\n  File \"<frozen importlib._bootstrap>\", line 935, in _load_unlocked\n  File \"<frozen importlib._bootstrap_external>\", line 1027, in exec_module\n  File \"<frozen importlib._bootstrap>\", line 488, in _call_with_frames_removed\n  File \"/tmp/sandbox_qtzzv6u4/candidate.py\", line 19, in <module>\n    print(sort_third([1, 2, 3]))  # Expected output: [1, 2, 3]\n          ~~~~~~~~~~^^^^^^^^^^^\n  File \"/tmp/sandbox_qtzzv6u4/candidate.py\", line 15, in sort_third\n    result.append(sorted(l[i]))\n                  ~~~~~~^^^^^^\nTypeError: 'int' object is not iterable\n", "stdout": "", "runtime_sec": 92.0816662311554, "completion": "def sort_third(l: list):\n    \"\"\"This function takes a list l and returns a list l' such that\n    l' is identical to l in the indicies that are not divisible by three, while its values at the indicies that are divisible by three are equal\n    to the values of the corresponding indicies of l, but sorted.\n    >>> sort_third([1, 2, 3])\n    [1, 2, 3]\n    >>> sort_third([5, 6, 3, 4, 8, 9, 2])\n    [2, 6, 3, 4, 8, 9, 5]\n    \"\"\"\n    result = []\n    for i in range(len(l)):\n        if i % 3 != 0:\n            result.append(l[i])\n        else:\n            result.append(sorted(l[i]))\n    return result\n\n# Test cases\nprint(sort_third([1, 2, 3]))  # Expected output: [1, 2, 3]\nprint(sort_third([5, 6, 3, 4, 8, 9, 2]))  # Expected output: [2, 6, 3, 4, 8, 9, 5]\n"}
{"task_id": "Python/34", "passed": true, "exit_code": 0, "stderr": "", "stdout": "", "runtime_sec": 2.6650595664978027, "completion": "def unique(l: list):\n    \"\"\"Return sorted unique elements in a list\"\"\"\n    return sorted(set(l))\n"}
{"task_id": "Python/35", "passed": true, "exit_code": 0, "stderr": "", "stdout": "", "runtime_sec": 2.6280324459075928, "completion": "def max_element(l: list):\n    if not l:\n        return None\n    return max(l)\n"}
{"task_id": "Python/36", "passed": true, "exit_code": 0, "stderr": "", "stdout": "All test cases passed!\n", "runtime_sec": 10.515544652938843, "completion": "def fizz_buzz(n: int):\n    count = 0\n    for i in range(1, n):\n        if i % 11 == 0 or i % 13 == 0:\n            count += str(i).count('7')\n    return count\n\n# Test cases to verify the correctness of the function\nassert fizz_buzz(50) == 0, \"Test case 1 failed\"\nassert fizz_buzz(78) == 2, \"Test case 2 failed\"\nassert fizz_buzz(79) == 3, \"Test case 3 failed\"\n\nprint(\"All test cases passed!\")\n"}
{"task_id": "Python/37", "passed": false, "exit_code": 1, "stderr": "Traceback (most recent call last):\n  File \"/tmp/sandbox_01yxy7n8/runner.py\", line 31, in <module>\n    cand = importlib.import_module(\"candidate\")\n  File \"/home/opc/.local/share/uv/python/cpython-3.13.9-linux-aarch64-gnu/lib/python3.13/importlib/__init__.py\", line 88, in import_module\n  File \"<frozen importlib._bootstrap>\", line 1387, in _gcd_import\n  File \"<frozen importlib._bootstrap>\", line 1360, in _find_and_load\n  File \"<frozen importlib._bootstrap>\", line 1331, in _find_and_load_unlocked\n  File \"<frozen importlib._bootstrap>\", line 935, in _load_unlocked\n  File \"<frozen importlib._bootstrap_external>\", line 1027, in exec_module\n  File \"<frozen importlib._bootstrap>\", line 488, in _call_with_frames_removed\n  File \"/tmp/sandbox_01yxy7n8/candidate.py\", line 13, in <module>\n    print(sort_even([1, 2, 3]))  # Expected output: [1, 2, 3]\n          ~~~~~~~~~^^^^^^^^^^^\n  File \"/tmp/sandbox_01yxy7n8/candidate.py\", line 10, in sort_even\n    return sorted(l[::2], key=lambda x: x if x % 2 == 0 else None)\nTypeError: '<' not supported between instances of 'NoneType' and 'NoneType'\n", "stdout": "", "runtime_sec": 68.18978095054626, "completion": "def sort_even(l: list):\n    \"\"\"This function takes a list l and returns a list l' such that\n    l' is identical to l in the odd indicies, while its values at the even indicies are equal\n    to the values of the even indicies of l, but sorted.\n    >>> sort_even([1, 2, 3])\n    [1, 2, 3]\n    >>> sort_even([5, 6, 3, 4])\n    [3, 6, 5, 4]\n    \"\"\"\n    return sorted(l[::2], key=lambda x: x if x % 2 == 0 else None)\n\n# Test cases\nprint(sort_even([1, 2, 3]))  # Expected output: [1, 2, 3]\nprint(sort_even([5, 6, 3, 4]))  # Expected output: [3, 6, 5, 4]\n"}
{"task_id": "Python/38", "passed": false, "exit_code": 1, "stderr": "Traceback (most recent call last):\n  File \"/tmp/sandbox_ru_yv2dk/runner.py\", line 41, in <module>\n    runpy.run_module(\"tests\", init_globals=init_globals, run_name=\"__main__\")\n    ~~~~~~~~~~~~~~~~^^^^^^^^^^^^^^^^^^^^^^^^^^^^^^^^^^^^^^^^^^^^^^^^^^^^^^^^^\n  File \"<frozen runpy>\", line 229, in run_module\n  File \"<frozen runpy>\", line 88, in _run_code\n  File \"/tmp/sandbox_ru_yv2dk/tests.py\", line 16, in <module>\n    check(decode_cyclic)\n    ~~~~~^^^^^^^^^^^^^^^\n  File \"/tmp/sandbox_ru_yv2dk/tests.py\", line 13, in check\n    encoded_str = encode_cyclic(str)\n                  ^^^^^^^^^^^^^\nNameError: name 'encode_cyclic' is not defined. Did you mean: 'decode_cyclic'?\n", "stdout": "", "runtime_sec": 104.98354959487915, "completion": "def decode_cyclic(s: str):\n    \"\"\"\n    Decodes cyclically encoded string back to original format.\n    \"\"\"\n    # Split string into groups of three characters.\n    groups = [s[(3 * i):min((3 * i + 3), len(s))] for i in range((len(s) + 2) // 3)]\n    # Cycle elements in each group. If group has fewer elements than 3, keep it unchanged.\n    groups = [(group[1:] + group[0]) if len(group) == 3 else group for group in groups]\n    # Join groups back together to form the original string.\n    return \"\".join(groups)\n\ndef encode_cyclic(s: str):\n    \"\"\"\n    Encodes string by cycling groups of three characters.\n    \"\"\"\n    # Split string to groups. Each of length 3.\n    groups = [s[(3 * i):min((3 * i + 3), len(s))] for i in range((len(s) + 2) // 3)]\n    # Cycle elements in each group. Unless group has fewer elements than 3.\n    groups = [(group[1:] + group[0]) if len(group) == 3 else group for group in groups]\n    # Join groups back together to form the original string.\n    return \"\".join(groups)\n\n# Corrected implementation\ndef encode_cyclic(s: str):\n    \"\"\"\n    Encodes string by cycling groups of three characters.\n    \"\"\"\n    # Split string to groups. Each of length 3.\n    groups = [s[(3 * i):min((3 * i + 3), len(s))] for i in range((len(s) + 2) // 3)]\n    # Cycle elements in each group. Unless group has fewer elements than 3.\n    groups = [(group[1:] + group[0]) if len(group) == 3 else group for group in groups]\n    # Join groups back together to form the original string.\n    return \"\".join(groups)\n\ndef decode_cyclic(s: str):\n    \"\"\"\n    Decodes cyclically encoded string back to original format.\n    \"\"\"\n    # Split string into groups of three characters.\n    groups = [s[(3 * i):min((3 * i + 3), len(s))] for i in range((len(s) + 2) // 3)]\n    # Cycle elements in each group. If group has fewer elements than 3, keep it unchanged."}
{"task_id": "Python/39", "passed": false, "exit_code": 1, "stderr": "Traceback (most recent call last):\n  File \"/tmp/sandbox_db3_55kd/runner.py\", line 41, in <module>\n    runpy.run_module(\"tests\", init_globals=init_globals, run_name=\"__main__\")\n    ~~~~~~~~~~~~~~~~^^^^^^^^^^^^^^^^^^^^^^^^^^^^^^^^^^^^^^^^^^^^^^^^^^^^^^^^^\n  File \"<frozen runpy>\", line 229, in run_module\n  File \"<frozen runpy>\", line 88, in _run_code\n  File \"/tmp/sandbox_db3_55kd/tests.py\", line 18, in <module>\n    check(prime_fib)\n    ~~~~~^^^^^^^^^^^\n  File \"/tmp/sandbox_db3_55kd/tests.py\", line 7, in check\n    assert prime_fib(1) == 2\n           ^^^^^^^^^^^^^^^^^\nAssertionError\n", "stdout": "", "runtime_sec": 67.73396229743958, "completion": "import math\n\ndef prime_fib(n: int):\n    \"\"\"\n    prime_fib returns n-th number that is a Fibonacci number and it's also prime.\n    >>> prime_fib(1)\n    2\n    >>> prime_fib(2)\n    3\n    >>> prime_fib(3)\n    5\n    >>> prime_fib(4)\n    13\n    >>> prime_fib(5)\n    89\n    \"\"\"\n    if n <= 0:\n        return \"Input should be a positive integer.\"\n\n    fib_numbers = [0, 1]\n    while len(fib_numbers) < n:\n        next_num = fib_numbers[-1] + fib_numbers[-2]\n        fib_numbers.append(next_num)\n\n    for num in fib_numbers:\n        if num > 1 and all(num % i != 0 for i in range(2, int(math.sqrt(num)) + 1)):\n            return num\n\n\n\n"}
{"task_id": "Python/40", "passed": false, "exit_code": 1, "stderr": "Traceback (most recent call last):\n  File \"/tmp/sandbox_oltp0vcn/runner.py\", line 41, in <module>\n    runpy.run_module(\"tests\", init_globals=init_globals, run_name=\"__main__\")\n    ~~~~~~~~~~~~~~~~^^^^^^^^^^^^^^^^^^^^^^^^^^^^^^^^^^^^^^^^^^^^^^^^^^^^^^^^^\n  File \"<frozen runpy>\", line 229, in run_module\n  File \"<frozen runpy>\", line 88, in _run_code\n  File \"/tmp/sandbox_oltp0vcn/tests.py\", line 17, in <module>\n    check(triples_sum_to_zero)\n    ~~~~~^^^^^^^^^^^^^^^^^^^^^\n  File \"/tmp/sandbox_oltp0vcn/tests.py\", line 8, in check\n    assert triples_sum_to_zero([1, 3, 5, -1]) == False\n           ^^^^^^^^^^^^^^^^^^^^^^^^^^^^^^^^^^^^^^^^^^^\nAssertionError\n", "stdout": "True\nFalse\nFalse\nFalse\nFalse\n", "runtime_sec": 99.75273966789246, "completion": "from typing import List\n\ndef triples_sum_to_zero(l: List[int]) -> bool:\n    \"\"\"\n    triples_sum_to_zero takes a list of integers as an input.\n    it returns True if there are three distinct elements in the list that\n    sum to zero, and False otherwise.\n\n    >>> triples_sum_to_zero([1, 3, 5, 0])\n    False\n    >>> triples_sum_to_zero([1, 3, -2, 1])\n    True\n    >>> triples_sum_to_zero([1, 2, 3, 7])\n    False\n    >>> triples_sum_to_zero([2, 4, -5, 3, 9, 7])\n    True\n    >>> triples_sum_to_zero([1])\n    False\n    \"\"\"\n    seen = set()\n    for num in l:\n        complement = -num\n        if complement in seen:\n            return True\n        seen.add(num)\n    return False\n\n# Test cases\nprint(triples_sum_to_zero([1, 3, 5, -1]))  # Expected output: False\nprint(triples_sum_to_zero([1, 3, -2, 1]))  # Expected output: True\nprint(triples_sum_to_zero([1, 2, 3, 7]))  # Expected output: False\nprint(triples_sum_to_zero([2, 4, -5, 3, 9, 7]))  # Expected output: True\nprint(triples_sum_to_zero([1]))  # Expected output: False\n\n\n"}
{"task_id": "Python/41", "passed": false, "exit_code": 1, "stderr": "Traceback (most recent call last):\n  File \"/tmp/sandbox_ckuez1qg/runner.py\", line 41, in <module>\n    runpy.run_module(\"tests\", init_globals=init_globals, run_name=\"__main__\")\n    ~~~~~~~~~~~~~~~~^^^^^^^^^^^^^^^^^^^^^^^^^^^^^^^^^^^^^^^^^^^^^^^^^^^^^^^^^\n  File \"<frozen runpy>\", line 229, in run_module\n  File \"<frozen runpy>\", line 88, in _run_code\n  File \"/tmp/sandbox_ckuez1qg/tests.py\", line 13, in <module>\n    check(car_race_collision)\n    ~~~~~^^^^^^^^^^^^^^^^^^^^\n  File \"/tmp/sandbox_ckuez1qg/tests.py\", line 7, in check\n    assert car_race_collision(2) == 4\n           ^^^^^^^^^^^^^^^^^^^^^^^^^^\nAssertionError\n", "stdout": "3\n", "runtime_sec": 44.417277574539185, "completion": "def car_race_collision(n: int):\n    # Initialize collision count to zero\n    collisions = 0\n    \n    # Iterate through all possible pairs of cars\n    for i in range(1, n + 1):\n        for j in range(i + 1, n + 1):\n            # Check if there is a collision between the two cars\n            if i != j:\n                collisions += 1\n                \n    return collisions\n\n# Example usage:\nprint(car_race_collision(3))  # Output: 2\n\n\n\n"}
{"task_id": "Python/42", "passed": false, "exit_code": 1, "stderr": "Traceback (most recent call last):\n  File \"/tmp/sandbox_s5b4zur3/runner.py\", line 41, in <module>\n    runpy.run_module(\"tests\", init_globals=init_globals, run_name=\"__main__\")\n    ~~~~~~~~~~~~~~~~^^^^^^^^^^^^^^^^^^^^^^^^^^^^^^^^^^^^^^^^^^^^^^^^^^^^^^^^^\n  File \"<frozen runpy>\", line 229, in run_module\n  File \"<frozen runpy>\", line 88, in _run_code\n  File \"/tmp/sandbox_s5b4zur3/tests.py\", line 11, in <module>\n    check(incr_list)\n    ~~~~~^^^^^^^^^^^\n  File \"/tmp/sandbox_s5b4zur3/tests.py\", line 8, in check\n    assert incr_list([3, 2, 1]) == [4, 3, 2]\n           ^^^^^^^^^^^^^^^^^^^^^^^^^^^^^^^^^\nAssertionError\n", "stdout": "[]\n[5, 3, 5, 2, 3, 3, 9, 0, 123, 6]\n", "runtime_sec": 78.96253991127014, "completion": "def incr_list(l: list):\n    \"\"\"Return list with elements incremented by 1.\n    >>> incr_list([1, 2, 3])\n    [2, 3, 4]\n    >>> incr_list([5, 3, 5, 2, 3, 3, 9, 0, 123])\n    [6, 4, 6, 3, 4, 4, 10, 1, 124]\n    \"\"\"\n    if not l:\n        return []\n    else:\n        return l + [l[0] + 1]\n\n# Test cases to verify the correctness of the function\nprint(incr_list([]))  # Expected output: []\nprint(incr_list([5, 3, 5, 2, 3, 3, 9, 0, 123]))  # Expected output: [6, 4, 6, 3, 4, 4, 10, 1, 124]\n\n\n"}
{"task_id": "Python/43", "passed": true, "exit_code": 0, "stderr": "", "stdout": "", "runtime_sec": 14.245527744293213, "completion": "def pairs_sum_to_zero(l):\n    \"\"\"\n    pairs_sum_to_zero takes a list of integers as an input.\n    it returns True if there are two distinct elements in the list that\n    sum to zero, and False otherwise.\n    >>> pairs_sum_to_zero([1, 3, 5, 0])\n    False\n    >>> pairs_sum_to_zero([1, 3, -2, 1])\n    False\n    >>> pairs_sum_to_zero([1, 2, 3, 7])\n    False\n    >>> pairs_sum_to_zero([2, 4, -5, 3, 5, 7])\n    True\n    >>> pairs_sum_to_zero([1])\n    False\n    \"\"\"\n    seen = set()\n    for num in l:\n        complement = -num\n        if complement in seen:\n            return True\n        seen.add(num)\n    return False\n"}
{"task_id": "Python/44", "passed": true, "exit_code": 0, "stderr": "", "stdout": "", "runtime_sec": 13.257447957992554, "completion": "def change_base(x: int, base: int):\n    \"\"\"Change numerical base of input number x to base.\n    return string representation after the conversion.\n    base numbers are less than 10.\n    >>> change_base(8, 3)\n    '22'\n    >>> change_base(8, 2)\n    '1000'\n    >>> change_base(7, 2)\n    '111'\n    \"\"\"\n    if not isinstance(base, int) or base < 2:\n        raise ValueError(\"Base must be an integer greater than 1.\")\n    \n    result = []\n    while x > 0:\n        remainder = x % base\n        result.append(str(remainder))\n        x //= base\n    \n    # Reverse the list to get the correct order for the base\n    result.reverse()\n    \n    return ''.join(result)\n"}
{"task_id": "Python/45", "passed": true, "exit_code": 0, "stderr": "", "stdout": "", "runtime_sec": 2.268695116043091, "completion": "def triangle_area(a, h):\n    return 0.5 * a * h\n"}
{"task_id": "Python/46", "passed": false, "exit_code": 1, "stderr": "Traceback (most recent call last):\n  File \"/tmp/sandbox_0ppp_cqa/runner.py\", line 31, in <module>\n    cand = importlib.import_module(\"candidate\")\n  File \"/home/opc/.local/share/uv/python/cpython-3.13.9-linux-aarch64-gnu/lib/python3.13/importlib/__init__.py\", line 88, in import_module\n  File \"<frozen importlib._bootstrap>\", line 1387, in _gcd_import\n  File \"<frozen importlib._bootstrap>\", line 1360, in _find_and_load\n  File \"<frozen importlib._bootstrap>\", line 1331, in _find_and_load_unlocked\n  File \"<frozen importlib._bootstrap>\", line 935, in _load_unlocked\n  File \"<frozen importlib._bootstrap_external>\", line 1027, in exec_module\n  File \"<frozen importlib._bootstrap>\", line 488, in _call_with_frames_removed\n  File \"/tmp/sandbox_0ppp_cqa/candidate.py\", line 13, in <module>\n    print(fib4(5))  # Output: 4\n          ~~~~^^^\n  File \"/tmp/sandbox_0ppp_cqa/candidate.py\", line 10, in fib4\n    return fib4(n - 1) + fib4(n - 2) + fib4(n - 3) + fib4(n - 4)\n           ~~~~^^^^^^^\n  File \"/tmp/sandbox_0ppp_cqa/candidate.py\", line 10, in fib4\n    return fib4(n - 1) + fib4(n - 2) + fib4(n - 3) + fib4(n - 4)\n           ~~~~^^^^^^^\n  File \"/tmp/sandbox_0ppp_cqa/candidate.py\", line 10, in fib4\n    return fib4(n - 1) + fib4(n - 2) + fib4(n - 3) + fib4(n - 4)\n                                                     ~~~~^^^^^^^\n  [Previous line repeated 988 more times]\nRecursionError: maximum recursion depth exceeded\n", "stdout": "", "runtime_sec": 57.44605898857117, "completion": "import math\n\ndef fib4(n: int) -> int:\n    if n == 0 or n == 1:\n        return 0\n    elif n == 2:\n        return 2\n    else:\n        # Calculate the sum of the first four terms of the sequence\n        return fib4(n - 1) + fib4(n - 2) + fib4(n - 3) + fib4(n - 4)\n\n# Test cases\nprint(fib4(5))  # Output: 4\nprint(fib4(6))  # Output: 8\nprint(fib4(7))  # Output: 14\n"}
{"task_id": "Python/47", "passed": true, "exit_code": 0, "stderr": "", "stdout": "", "runtime_sec": 10.325263261795044, "completion": "def median(l: list):\n    \"\"\"Return median of elements in the list l.\n    >>> median([3, 1, 2, 4, 5])\n    3\n    >>> median([-10, 4, 6, 1000, 10, 20])\n    15.0\n    \"\"\"\n    sorted_l = sorted(l)\n    n = len(sorted_l)\n    if n % 2 == 0:\n        return (sorted_l[n // 2 - 1] + sorted_l[n // 2]) / 2\n    else:\n        return sorted_l[n // 2]\n"}
{"task_id": "Python/48", "passed": true, "exit_code": 0, "stderr": "", "stdout": "", "runtime_sec": 2.281566619873047, "completion": "def is_palindrome(text: str):\n    return text == text[::-1]\n"}
{"task_id": "Python/49", "passed": false, "exit_code": 1, "stderr": "Traceback (most recent call last):\n  File \"/tmp/sandbox_a4gokdhb/runner.py\", line 41, in <module>\n    runpy.run_module(\"tests\", init_globals=init_globals, run_name=\"__main__\")\n    ~~~~~~~~~~~~~~~~^^^^^^^^^^^^^^^^^^^^^^^^^^^^^^^^^^^^^^^^^^^^^^^^^^^^^^^^^\n  File \"<frozen runpy>\", line 229, in run_module\n  File \"<frozen runpy>\", line 88, in _run_code\n  File \"/tmp/sandbox_a4gokdhb/tests.py\", line 15, in <module>\n    check(modp)\n    ~~~~~^^^^^^\n  File \"/tmp/sandbox_a4gokdhb/tests.py\", line 7, in check\n    assert modp(3, 5) == 3\n           ^^^^^^^^^^^^^^^\nAssertionError\n", "stdout": "4\n100\n1\n10\n100\n", "runtime_sec": 59.379820585250854, "completion": "def modp(n: int, p: int):\n    if n < 0 or p <= 1:\n        raise ValueError(\"n must be non-negative and p must be greater than 1\")\n\n    result = 1\n    while n > 0:\n        if n % 2 == 1:\n            result = (result * pow(p - 1, n // 2, p)) % p\n        n //= 2\n\n    return result\n\n# Test cases\nprint(modp(3, 5))  # Expected output: 3\nprint(modp(1101, 101))  # Expected output: 2\nprint(modp(0, 101))  # Expected output: 1\nprint(modp(3, 11))  # Expected output: 8\nprint(modp(100, 101))  # Expected output: 1\n"}
